23
00
15
01 10
12
100
11
11 000 001
10
010
8
0100
7
0010 1001
6
111 0000 00100
5
011 110 1000 01001
4
0001 0011 1100 10010 100100
3
101 0111 1110 1111 00000 00010
00111 01000 01111 10000 10011 11110
001000 001001 001111 010010 011110 0011110
0100100
2
0101 0110 1010 00001 01010 01100
10001 10100 11000 11001 11100 000000
000010 000100 010001 010011 010100 100001
100111 101001 110000 111100 0010001 0010010
0101001 0111100 1000010 1001000 1001001 1001111
1100001 00100100 00111100 01001001 10011110 11000010
100111100
1
1011 1101 00011 00101 00110 10110
11011 11101 000101 000111 001010 001100
010000 011000 011001 100000 100010 100011
100110 101100 110010 110011 110110 111000
111001 111011 111101 0000000 0000100 0000101
0001000 0001001 0001010 0001111 0010000 0010011
0010100 0011001 0100000 0100010 0100011 0100110
0100111 0110000 0110011 0111101 1000000 1000100
1000111 1001100 1010010 1010011 1011000 1100100
1100111 1101100 1110000 1110010 1110110 1111000
1111001 1111011 00001001 00001010 00010001 00010010
00010100 00011110 00100000 00100010 00100011 00100111
00101001 00110011 00111101 01000000 01000100 01000111
01001000 01001100 01001111 01010010 01010011 01100001
01100111 01111000 01111001 01111011 10000000 10000100
10000101 10001000 10001111 10010000 10010001 10010010
10010011 10011001 10100100 10100110 10110000 11001000
11001111 11011000 11100001 11100100 11101100 11110000
11110010 11110110 000010010 000010100 000100011 000100100
000101001 000111101 001000000 001000100 001000111 001001000
001001001 001001111 001010011 001100111 001111000 001111001
001111011 010000000 010001000 010001111 010010001 010010010
010010011 010011001 010011110 010100100 010100110 011000010
011001111 011110000 011110010 011110110 100001001 100001010
100010001 100011110 100100000 100100010 100100100 100100111
100110011 101001001 101001100 101100001 110000100 110000101
110010000 110011110 110110000 111000010 111001000 111011000
111100001 111100100 111101100 0000100100 0000101001 0001000111
0001001001 0001010011 0001111011 0010000000 0010001000 0010001111
0010010001 0010010011 0010011110 0010100110 0011001111 0011110000
0011110010 0011110110 0100010001 0100011110 0100100010 0100100100
0100100111 0100110011 0100111100 0101001001 0101001100 0110000101
0110011110 0111100001 0111100100 0111101100 1000010010 1000010100
1000100011 1000111101 1001000000 1001000100 1001001000 1001001111
1001100111 1001111000 1001111001 1010010010 1010011001 1011000010
1100001001 1100001010 1100100000 1100111100 1101100001 1110000100
1110010000 1110110000 1111000010 1111001000 1111011000
